  Assembling SPLab4.asm...
SPLab4.asm(1): error A2008: syntax error : .
SPLab4.asm(2): error A2008: syntax error : .
\masm32\include\windows.inc(9750): error A2008: syntax error : dword
\masm32\include\windows.inc(10183): error A2008: syntax error : frame
\masm32\include\windows.inc(16333): error A2008: syntax error : dword
\masm32\include\windows.inc(18862): error A2008: syntax error : Frame
\masm32\include\windows.inc(24749): error A2042: statement too complex
SPLab4.asm(26): error A2008: syntax error : integer
SPLab4.asm(32): error A2070: invalid instruction operands
SPLab4.asm(33): error A2070: invalid instruction operands
SPLab4.asm(38): error A2070: invalid instruction operands
SPLab4.asm(39): error A2070: invalid instruction operands
SPLab4.asm(41): error A2008: syntax error : in instruction
SPLab4.asm(42): error A2008: syntax error : -
SPLab4.asm(46): error A2070: invalid instruction operands
SPLab4.asm(47): error A2070: invalid instruction operands
SPLab4.asm(48): error A2070: invalid instruction operands
SPLab4.asm(49): error A2070: invalid instruction operands
SPLab4.asm(55): error A2008: syntax error : ,
SPLab4.asm(89): error A2070: invalid instruction operands
SPLab4.asm(90): error A2008: syntax error : integer
SPLab4.asm(91): error A2070: invalid instruction operands
SPLab4.asm(93): error A2070: invalid instruction operands
SPLab4.asm(94): error A2070: invalid instruction operands
SPLab4.asm(95): error A2070: invalid instruction operands
SPLab4.asm(96): error A2070: invalid instruction operands
SPLab4.asm(101): error A2070: invalid instruction operands
SPLab4.asm(102): error A2070: invalid instruction operands
SPLab4.asm(103): error A2070: invalid instruction operands
SPLab4.asm(104): error A2070: invalid instruction operands
SPLab4.asm(111): error A2008: syntax error : start
SPLab4.asm(111): error A2088: END directive required at end of file
C:\Program Files\Microsoft Visual Studio\2022\Community\MSBuild\Microsoft\VC\v170\BuildCustomizations\masm.targets(70,5): error MSB3721: The command "ml64.exe /c /nologo /Zi /Fo"x64\Debug\SPLab4.obj" /W3 /errorReport:prompt  /TaSPLab4.asm" exited with code 1.
