  Assembling SPlab6.asm...
SPlab6.asm(1): error A2008: syntax error : .
SPlab6.asm(2): error A2008: syntax error : .
\masm32\include\windows.inc(9750): error A2008: syntax error : dword
\masm32\include\windows.inc(10183): error A2008: syntax error : frame
\masm32\include\windows.inc(16333): error A2008: syntax error : dword
\masm32\include\windows.inc(18862): error A2008: syntax error : Frame
\masm32\include\windows.inc(24749): error A2042: statement too complex
SPlab6.asm(28): error A2070: invalid instruction operands
SPlab6.asm(32): error A2008: syntax error : invoke
SPlab6.asm(35): error A2008: syntax error : invoke
SPlab6.asm(37): error A2008: syntax error : invoke
SPlab6.asm(38): error A2008: syntax error : NumberOfChars
SPlab6.asm(39): error A2008: syntax error : invoke
SPlab6.asm(45): error A2070: invalid instruction operands
SPlab6.asm(46): error A2008: syntax error : invoke
SPlab6.asm(47): error A2008: syntax error : invoke
SPlab6.asm(48): error A2070: invalid instruction operands
SPlab6.asm(52): error A2008: syntax error : integer
SPlab6.asm(57): error A2070: invalid instruction operands
SPlab6.asm(67): error A2070: invalid instruction operands
SPlab6.asm(72): error A2008: syntax error : invoke
SPlab6.asm(73): error A2008: syntax error : invoke
SPlab6.asm(75): error A2008: syntax error : invoke
SPlab6.asm(76): error A2008: syntax error : NumberOfChars
SPlab6.asm(79): error A2008: syntax error : start
SPlab6.asm(79): error A2088: END directive required at end of file
C:\Program Files\Microsoft Visual Studio\2022\Community\MSBuild\Microsoft\VC\v170\BuildCustomizations\masm.targets(70,5): error MSB3721: The command "ml64.exe /c /nologo /Zi /Fo"x64\Debug\SPlab6.obj" /W3 /errorReport:prompt  /TaSPlab6.asm" exited with code 1.
